2023.02.24 11:36:34 INFO  tracing is disabled for protocol LSP, to enable tracing of incoming and outgoing JSON messages create an empty file at /Users/rubensantos/Codacy/Repos/rubensantos/Coverage-Repo/.metals/lsp.trace.json or /Users/rubensantos/Library/Caches/org.scalameta.metals/lsp.trace.json[0m
2023.02.24 11:36:34 INFO  logging to file /Users/rubensantos/Codacy/Repos/rubensantos/Coverage-Repo/.metals/metals.log[0m
2023.02.24 11:36:34 INFO  Started: Metals version 0.11.10 in workspace '/Users/rubensantos/Codacy/Repos/rubensantos/Coverage-Repo' for client Visual Studio Code 1.75.1.[0m
SLF4J: No SLF4J providers were found.
SLF4J: Defaulting to no-operation (NOP) logger implementation
SLF4J: See https://www.slf4j.org/codes.html#noProviders for further details.
SLF4J: Class path contains SLF4J bindings targeting slf4j-api versions 1.7.x or earlier.
SLF4J: Ignoring binding found at [jar:file:/Users/rubensantos/Library/Caches/Coursier/v1/https/repo1.maven.org/maven2/com/outr/scribe-slf4j_2.13/3.10.5/scribe-slf4j_2.13-3.10.5.jar!/org/slf4j/impl/StaticLoggerBinder.class]
SLF4J: See https://www.slf4j.org/codes.html#ignoredBindings for an explanation.
2023.02.24 11:36:35 INFO  time: initialize in 1.09s[0m
2023.02.24 11:36:36 WARN  Build server is not auto-connectable.[0m
2023.02.24 11:36:36 WARN  no build target for: /Users/rubensantos/Codacy/Repos/rubensantos/Coverage-Repo/src/main/java/com/codacy/utils/Math.java[0m
2023.02.24 11:36:36 WARN  no build target for: /Users/rubensantos/Codacy/Repos/rubensantos/Coverage-Repo/src/main/java/com/codacy/utils/Math2.java[0m
Feb 24, 2023 11:36:36 AM org.eclipse.lsp4j.jsonrpc.RemoteEndpoint handleCancellation
WARNING: Unmatched cancel notification for request id 5
2023.02.24 11:36:38 WARN  no build target for: /Users/rubensantos/Codacy/Repos/rubensantos/Coverage-Repo/src/main/java/com/codacy/utils/Math.java[0m
2023.02.24 11:37:25 WARN  no build target for: /Users/rubensantos/Codacy/Repos/rubensantos/Coverage-Repo/src/test/java/com/codacy/utils/MathTest.java[0m
2023.02.24 11:37:26 WARN  no build target for: /Users/rubensantos/Codacy/Repos/rubensantos/Coverage-Repo/src/test/java/com/codacy/utils/Math2Test.java[0m
2023.02.24 11:37:33 WARN  no build target for: /Users/rubensantos/Codacy/Repos/rubensantos/Coverage-Repo/src/test/java/com/codacy/utils/MathTest.java[0m
2023.02.24 11:37:40 WARN  no build target for: /Users/rubensantos/Codacy/Repos/rubensantos/Coverage-Repo/src/test/java/com/codacy/utils/Math2Test.java[0m
2023.02.24 11:37:40 WARN  no build target for: /Users/rubensantos/Codacy/Repos/rubensantos/Coverage-Repo/src/test/java/com/codacy/utils/Math2Test.java[0m
2023.03.03 16:54:45 INFO  tracing is disabled for protocol LSP, to enable tracing of incoming and outgoing JSON messages create an empty file at /Users/rubensantos/Codacy/Repos/rubensantos/Coverage-Repo/.metals/lsp.trace.json or /Users/rubensantos/Library/Caches/org.scalameta.metals/lsp.trace.json[0m
2023.03.03 16:54:46 INFO  logging to file /Users/rubensantos/Codacy/Repos/rubensantos/Coverage-Repo/.metals/metals.log[0m
2023.03.03 16:54:46 INFO  Started: Metals version 0.11.10 in workspace '/Users/rubensantos/Codacy/Repos/rubensantos/Coverage-Repo' for client Visual Studio Code 1.75.1.[0m
SLF4J: No SLF4J providers were found.
SLF4J: Defaulting to no-operation (NOP) logger implementation
SLF4J: See https://www.slf4j.org/codes.html#noProviders for further details.
SLF4J: Class path contains SLF4J bindings targeting slf4j-api versions 1.7.x or earlier.
SLF4J: Ignoring binding found at [jar:file:/Users/rubensantos/Library/Caches/Coursier/v1/https/repo1.maven.org/maven2/com/outr/scribe-slf4j_2.13/3.10.5/scribe-slf4j_2.13-3.10.5.jar!/org/slf4j/impl/StaticLoggerBinder.class]
SLF4J: See https://www.slf4j.org/codes.html#ignoredBindings for an explanation.
2023.03.03 16:54:47 INFO  time: initialize in 0.97s[0m
2023.03.03 16:54:47 WARN  Build server is not auto-connectable.[0m
2023.03.03 16:54:47 WARN  no build target for: /Users/rubensantos/Codacy/Repos/rubensantos/Coverage-Repo/src/test/java/com/codacy/utils/Math2Test.java[0m
Mar 03, 2023 4:54:47 PM org.eclipse.lsp4j.jsonrpc.RemoteEndpoint handleCancellation
WARNING: Unmatched cancel notification for request id 3
2023.03.03 16:54:47 WARN  no build target for: /Users/rubensantos/Codacy/Repos/rubensantos/Coverage-Repo/src/test/java/com/codacy/utils/Math2Test.java[0m
2023.03.03 16:54:51 WARN  no build target for: /Users/rubensantos/Codacy/Repos/rubensantos/Coverage-Repo/src/test/java/com/codacy/utils/Math2Test.java[0m
2023.03.03 16:54:54 WARN  no build target for: /Users/rubensantos/Codacy/Repos/rubensantos/Coverage-Repo/src/test/java/com/codacy/utils/Math2Test.java[0m
2023.03.03 16:54:55 WARN  no build target for: /Users/rubensantos/Codacy/Repos/rubensantos/Coverage-Repo/src/main/java/com/codacy/utils/Math.java[0m
2023.03.03 16:55:00 WARN  no build target for: /Users/rubensantos/Codacy/Repos/rubensantos/Coverage-Repo/src/main/java/com/codacy/utils/Math2.java[0m
2023.03.03 16:55:23 WARN  no build target for: /Users/rubensantos/Codacy/Repos/rubensantos/Coverage-Repo/src/main/java/com/codacy/utils/Math.java[0m
2023.03.03 16:55:30 WARN  no build target for: /Users/rubensantos/Codacy/Repos/rubensantos/Coverage-Repo/src/main/java/com/codacy/utils/Math.java[0m
2023.03.03 16:55:30 WARN  Running javac-semanticdb failed for file:///Users/rubensantos/Codacy/Repos/rubensantos/Coverage-Repo/src/main/java/com/codacy/utils/Math.java. Output:
/Users/rubensantos/Codacy/Repos/rubensantos/Coverage-Repo/src/main/java/com/codacy/utils/Math.java:30: error: reached end of file while parsing
}
 ^
1 error[0m
2023.03.03 16:55:31 WARN  no build target for: /Users/rubensantos/Codacy/Repos/rubensantos/Coverage-Repo/src/main/java/com/codacy/utils/Math.java[0m
2023.03.03 16:55:31 WARN  Running javac-semanticdb failed for file:///Users/rubensantos/Codacy/Repos/rubensantos/Coverage-Repo/src/main/java/com/codacy/utils/Math.java. Output:
/Users/rubensantos/Codacy/Repos/rubensantos/Coverage-Repo/src/main/java/com/codacy/utils/Math.java:31: error: reached end of file while parsing
}
 ^
1 error[0m
2023.03.03 16:55:34 WARN  no build target for: /Users/rubensantos/Codacy/Repos/rubensantos/Coverage-Repo/src/main/java/com/codacy/utils/Math.java[0m
2023.03.03 16:55:35 WARN  Running javac-semanticdb failed for file:///Users/rubensantos/Codacy/Repos/rubensantos/Coverage-Repo/src/main/java/com/codacy/utils/Math.java. Output:
/Users/rubensantos/Codacy/Repos/rubensantos/Coverage-Repo/src/main/java/com/codacy/utils/Math.java:32: error: reached end of file while parsing
}
 ^
1 error[0m
2023.03.03 16:55:36 WARN  no build target for: /Users/rubensantos/Codacy/Repos/rubensantos/Coverage-Repo/src/main/java/com/codacy/utils/Math.java[0m
2023.03.03 16:55:39 WARN  no build target for: /Users/rubensantos/Codacy/Repos/rubensantos/Coverage-Repo/src/main/java/com/codacy/utils/Math.java[0m
2023.03.03 16:55:47 WARN  no build target for: /Users/rubensantos/Codacy/Repos/rubensantos/Coverage-Repo/src/main/java/com/codacy/utils/Math.java[0m
2023.03.03 16:55:47 WARN  Running javac-semanticdb failed for file:///Users/rubensantos/Codacy/Repos/rubensantos/Coverage-Repo/src/main/java/com/codacy/utils/Math.java. Output:
/Users/rubensantos/Codacy/Repos/rubensantos/Coverage-Repo/src/main/java/com/codacy/utils/Math.java:32: error: illegal start of expression
    }
    ^
/Users/rubensantos/Codacy/Repos/rubensantos/Coverage-Repo/src/main/java/com/codacy/utils/Math.java:34: error: reached end of file while parsing
}
 ^
2 errors[0m
2023.03.03 16:55:48 WARN  no build target for: /Users/rubensantos/Codacy/Repos/rubensantos/Coverage-Repo/src/main/java/com/codacy/utils/Math.java[0m
2023.03.03 16:55:53 WARN  no build target for: /Users/rubensantos/Codacy/Repos/rubensantos/Coverage-Repo/src/main/java/com/codacy/utils/Math.java[0m
2023.03.03 16:55:55 WARN  no build target for: /Users/rubensantos/Codacy/Repos/rubensantos/Coverage-Repo/src/main/java/com/codacy/utils/Math.java[0m
2023.03.03 16:55:57 WARN  no build target for: /Users/rubensantos/Codacy/Repos/rubensantos/Coverage-Repo/src/main/java/com/codacy/utils/Math.java[0m
2023.03.03 16:56:02 WARN  no build target for: /Users/rubensantos/Codacy/Repos/rubensantos/Coverage-Repo/src/main/java/com/codacy/utils/Math.java[0m
2023.03.03 16:56:02 WARN  Running javac-semanticdb failed for file:///Users/rubensantos/Codacy/Repos/rubensantos/Coverage-Repo/src/main/java/com/codacy/utils/Math.java. Output:
/Users/rubensantos/Codacy/Repos/rubensantos/Coverage-Repo/src/main/java/com/codacy/utils/Math.java:15: error: not a statement
        what
        ^
/Users/rubensantos/Codacy/Repos/rubensantos/Coverage-Repo/src/main/java/com/codacy/utils/Math.java:15: error: ';' expected
        what
            ^
2 errors[0m
2023.03.03 16:56:04 WARN  no build target for: /Users/rubensantos/Codacy/Repos/rubensantos/Coverage-Repo/src/main/java/com/codacy/utils/Math.java[0m
2023.03.03 16:56:04 WARN  Running javac-semanticdb failed for file:///Users/rubensantos/Codacy/Repos/rubensantos/Coverage-Repo/src/main/java/com/codacy/utils/Math.java. Output:
/Users/rubensantos/Codacy/Repos/rubensantos/Coverage-Repo/src/main/java/com/codacy/utils/Math.java:15: error: ';' expected
        what(1, 2)
                  ^
1 error[0m
2023.03.03 16:56:06 WARN  no build target for: /Users/rubensantos/Codacy/Repos/rubensantos/Coverage-Repo/src/main/java/com/codacy/utils/Math.java[0m
2023.03.03 16:56:07 WARN  no build target for: /Users/rubensantos/Codacy/Repos/rubensantos/Coverage-Repo/src/main/java/com/codacy/utils/Math.java[0m
2023.03.03 16:57:24 WARN  no build target for: /Users/rubensantos/Codacy/Repos/rubensantos/Coverage-Repo/src/main/java/com/codacy/utils/Math.java[0m
2023.03.03 16:57:26 WARN  no build target for: /Users/rubensantos/Codacy/Repos/rubensantos/Coverage-Repo/src/main/java/com/codacy/utils/Math.java[0m
2023.03.03 16:57:35 WARN  no build target for: /Users/rubensantos/Codacy/Repos/rubensantos/Coverage-Repo/src/test/java/com/codacy/utils/MathTest.java[0m
